<?xml version="1.0" encoding="UTF-8"?>
<!-- Generated by org.testng.reporters.JUnitXMLReporter -->
<testsuite ignored="2" hostname="Anithas-MBP" failures="0" tests="1" name="Default test" time="21.765" errors="0" timestamp="2022-09-17T21:53:22 AEST">
  <testcase classname="testcases.SeleniumLoginTest" name="Test1" time="14.573"/>
  <testcase classname="testcases.SeleniumLoginTest" name="Test3" time="0.0">
    <ignored/>
  </testcase> <!-- Test3 -->
  <testcase classname="testcases.SeleniumLoginTest" name="Test2" time="0.0">
    <ignored/>
  </testcase> <!-- Test2 -->
</testsuite> <!-- Default test -->
