<?xml version="1.0" encoding="UTF-8"?>
<!-- Generated by org.testng.reporters.JUnitXMLReporter -->
<testsuite ignored="0" hostname="Anithas-MBP" failures="0" tests="3" name="Test" time="51.407" errors="0" timestamp="2022-09-17T21:54:25 AEST">
  <testcase classname="testcases.SeleniumLoginTest" name="Test1" time="10.64"/>
  <testcase classname="testcases.SeleniumLoginTest" name="Test2" time="11.57"/>
  <testcase classname="testcases.SeleniumLoginTest" name="Test3" time="11.711"/>
</testsuite> <!-- Test -->
