<?xml version="1.0" encoding="UTF-8"?>
<testng-results ignored="0" total="3" passed="3" failed="0" skipped="0">
  <reporter-output>
  </reporter-output>
  <suite started-at="2022-09-17T21:53:33 AEST" name="Suite" finished-at="2022-09-17T21:54:25 AEST" duration-ms="51407">
    <groups>
    </groups>
    <test started-at="2022-09-17T21:53:33 AEST" name="Test" finished-at="2022-09-17T21:54:25 AEST" duration-ms="51407">
      <class name="testcases.SeleniumLoginTest">
        <test-method is-config="true" signature="DataSetUp()[pri:0, instance:testcases.SeleniumLoginTest@71ba6d4e]" started-at="2022-09-17T21:53:33 AEST" name="DataSetUp" finished-at="2022-09-17T21:53:34 AEST" duration-ms="551" status="PASS">
          <reporter-output>
          </reporter-output>
        </test-method> <!-- DataSetUp -->
        <test-method is-config="true" signature="SetUp(java.lang.reflect.Method)[pri:0, instance:testcases.SeleniumLoginTest@71ba6d4e]" started-at="2022-09-17T21:53:34 AEST" name="SetUp" finished-at="2022-09-17T21:53:39 AEST" duration-ms="5334" status="PASS">
          <params>
            <param index="0">
              <value>
                <![CDATA[public void testcases.SeleniumLoginTest.Test1()]]>
              </value>
            </param>
          </params>
          <reporter-output>
          </reporter-output>
        </test-method> <!-- SetUp -->
        <test-method signature="Test1()[pri:0, instance:testcases.SeleniumLoginTest@71ba6d4e]" started-at="2022-09-17T21:53:39 AEST" name="Test1" finished-at="2022-09-17T21:53:50 AEST" duration-ms="10640" status="PASS">
          <reporter-output>
          </reporter-output>
        </test-method> <!-- Test1 -->
        <test-method is-config="true" signature="TearDown()[pri:0, instance:testcases.SeleniumLoginTest@71ba6d4e]" started-at="2022-09-17T21:53:50 AEST" name="TearDown" finished-at="2022-09-17T21:53:50 AEST" duration-ms="130" status="PASS">
          <reporter-output>
          </reporter-output>
        </test-method> <!-- TearDown -->
        <test-method is-config="true" signature="SetUp(java.lang.reflect.Method)[pri:0, instance:testcases.SeleniumLoginTest@71ba6d4e]" started-at="2022-09-17T21:53:50 AEST" name="SetUp" finished-at="2022-09-17T21:53:55 AEST" duration-ms="4962" status="PASS">
          <params>
            <param index="0">
              <value>
                <![CDATA[public void testcases.SeleniumLoginTest.Test2(java.lang.String,java.lang.String)]]>
              </value>
            </param>
          </params>
          <reporter-output>
          </reporter-output>
        </test-method> <!-- SetUp -->
        <test-method signature="Test2(java.lang.String,java.lang.String)[pri:0, instance:testcases.SeleniumLoginTest@71ba6d4e]" started-at="2022-09-17T21:53:55 AEST" name="Test2" finished-at="2022-09-17T21:54:06 AEST" duration-ms="11570" status="PASS">
          <params>
            <param index="0">
              <value>
                <![CDATA[abc1@xyz.com]]>
              </value>
            </param>
            <param index="1">
              <value>
                <![CDATA[Abc@12345]]>
              </value>
            </param>
          </params>
          <reporter-output>
          </reporter-output>
        </test-method> <!-- Test2 -->
        <test-method is-config="true" signature="TearDown()[pri:0, instance:testcases.SeleniumLoginTest@71ba6d4e]" started-at="2022-09-17T21:54:06 AEST" name="TearDown" finished-at="2022-09-17T21:54:07 AEST" duration-ms="126" status="PASS">
          <reporter-output>
          </reporter-output>
        </test-method> <!-- TearDown -->
        <test-method is-config="true" signature="SetUp(java.lang.reflect.Method)[pri:0, instance:testcases.SeleniumLoginTest@71ba6d4e]" started-at="2022-09-17T21:54:07 AEST" name="SetUp" finished-at="2022-09-17T21:54:12 AEST" duration-ms="5938" status="PASS">
          <params>
            <param index="0">
              <value>
                <![CDATA[public void testcases.SeleniumLoginTest.Test3()]]>
              </value>
            </param>
          </params>
          <reporter-output>
          </reporter-output>
        </test-method> <!-- SetUp -->
        <test-method signature="Test3()[pri:0, instance:testcases.SeleniumLoginTest@71ba6d4e]" started-at="2022-09-17T21:54:12 AEST" name="Test3" finished-at="2022-09-17T21:54:24 AEST" duration-ms="11711" status="PASS">
          <reporter-output>
          </reporter-output>
        </test-method> <!-- Test3 -->
        <test-method is-config="true" signature="TearDown()[pri:0, instance:testcases.SeleniumLoginTest@71ba6d4e]" started-at="2022-09-17T21:54:24 AEST" name="TearDown" finished-at="2022-09-17T21:54:24 AEST" duration-ms="128" status="PASS">
          <reporter-output>
          </reporter-output>
        </test-method> <!-- TearDown -->
        <test-method is-config="true" signature="DataClean()[pri:0, instance:testcases.SeleniumLoginTest@71ba6d4e]" started-at="2022-09-17T21:54:24 AEST" name="DataClean" finished-at="2022-09-17T21:54:25 AEST" duration-ms="275" status="PASS">
          <reporter-output>
          </reporter-output>
        </test-method> <!-- DataClean -->
      </class> <!-- testcases.SeleniumLoginTest -->
    </test> <!-- Test -->
  </suite> <!-- Suite -->
</testng-results>
